{"name": "test_3[chromium]", "status": "failed", "statusDetails": {"message": "AssertionError: assert None == '>20000'", "trace": "self = <module_5.TestValidate object at 0x0000017752C8B290>\npage = <Page url='https://github.com/search?q=stars%3A%3E20000+path%3A**%2Fenvironment.yml+language%3AShell&type=Repositories&ref=advsearch&l=Shell&l='>\n\n    def test_3(self, page):\n    \n        with allure.step('Переход на страницу https://github.com/search/advanced'):\n            page.goto('https://github.com/search/advanced')\n        expected_value = '>20000'\n        #time.sleep(5)\n        with allure.step('Клик по найденному элементу'):\n            #page.click('[value=\"Python\"]')\n            page.click('//select[@id=\"search_language\"]')\n            page.wait_for_timeout(3000)\n            for i in range(19):\n                page.keyboard.press(\"ArrowDown\")\n            page.wait_for_timeout(3000)\n            page.keyboard.press(\"Enter\")\n            #page.click('//*[@id=\"search_language\"]/optgroup[1]/option[19]')\n    \n        with allure.step('Заполнение формы данными'):\n            actual_value = page.fill('#search_stars', \">20000\")\n            # field.send_keys(expected_value)\n    \n        with allure.step('Заполнение формы данными'):\n            page.fill('#search_filename', \"environment.yml\")\n        # driver.find_element(By.XPATH, '//div[contains(@class, \"form-group flattened\")]/descendant::button').click()\n        with allure.step('Нажать \"Поиск\"'):\n            page.click('//div[contains(@class, \"form-group flattened\")]/descendant::button')\n>       assert actual_value == expected_value\nE       AssertionError: assert None == '>20000'\n\nmodule_5.py:77: AssertionError"}, "steps": [{"name": "Переход на страницу https://github.com/search/advanced", "status": "passed", "start": 1734535115898, "stop": 1734535118652}, {"name": "Клик по найденному элементу", "status": "passed", "start": 1734535118652, "stop": 1734535125431}, {"name": "Заполнение формы данными", "status": "passed", "start": 1734535125432, "stop": 1734535125469}, {"name": "Заполнение формы данными", "status": "passed", "start": 1734535125469, "stop": 1734535125506}, {"name": "Нажать \"Поиск\"", "status": "passed", "start": 1734535125506, "stop": 1734535126627}], "parameters": [{"name": "browser_name", "value": "'chromium'"}], "start": 1734535115897, "stop": 1734535126633, "uuid": "a6eb490c-8109-42f2-b607-fdb689daffeb", "historyId": "a62545f611fc152ad1ba73f10b9af693", "testCaseId": "5cef9366fef65594aed21e40cd40d2e4", "fullName": "Tests.homework.module_5.TestValidate#test_3", "labels": [{"name": "story", "value": "Waiting page load"}, {"name": "feature", "value": "Full Accounts"}, {"name": "parentSuite", "value": "Tests.homework"}, {"name": "suite", "value": "module_5"}, {"name": "subSuite", "value": "TestValidate"}, {"name": "host", "value": "Admin"}, {"name": "thread", "value": "8264-MainThread"}, {"name": "framework", "value": "pytest"}, {"name": "language", "value": "cpython3"}, {"name": "package", "value": "Tests.homework.module_5"}]}