{"name": "test_3[chromium]", "status": "failed", "statusDetails": {"message": "AssertionError: assert None == '>20000'", "trace": "self = <module_5.TestValidate object at 0x000002956E94BEF0>\npage = <Page url='https://github.com/search?q=stars%3A%3E20000+path%3A**%2Fenvironment.yml+language%3APython&type=Repositories&ref=advsearch&l=Python&l='>\n\n    def test_3(self, page):\n    \n        with allure.step('Переход на страницу https://github.com/search/advanced'):\n            page.goto('https://github.com/search/advanced')\n    \n        #time.sleep(5)\n        with allure.step('Клик по найденному элементу'):\n            #page.click('[value=\"Python\"]')\n            page.click('//select[@id=\"search_language\"]')\n            page.wait_for_timeout(3000)\n            for i in range(19):\n                page.keyboard.press(\"ArrowDown\")\n            page.wait_for_timeout(3000)\n            page.keyboard.press(\"Enter\")\n            #page.click('//*[@id=\"search_language\"]/optgroup[1]/option[19]')\n    \n        with allure.step('Заполнение формы данными'):\n            expected_value = page.fill('#search_stars', \">20000\")\n            # field.send_keys(expected_value)\n    \n        with allure.step('Заполнение формы данными'):\n            page.fill('#search_filename', \"environment.yml\")\n        # driver.find_element(By.XPATH, '//div[contains(@class, \"form-group flattened\")]/descendant::button').click()\n        with allure.step('Нажать \"Поиск\"'):\n            page.click('//div[contains(@class, \"form-group flattened\")]/descendant::button')\n>       assert expected_value == '>20000'\nE       AssertionError: assert None == '>20000'\n\nmodule_5.py:77: AssertionError"}, "steps": [{"name": "Переход на страницу https://github.com/search/advanced", "status": "passed", "start": 1734534815525, "stop": 1734534817729}, {"name": "Клик по найденному элементу", "status": "passed", "start": 1734534817729, "stop": 1734534824503}, {"name": "Заполнение формы данными", "status": "passed", "start": 1734534824503, "stop": 1734534824541}, {"name": "Заполнение формы данными", "status": "passed", "start": 1734534824541, "stop": 1734534824577}, {"name": "Нажать \"Поиск\"", "status": "passed", "start": 1734534824577, "stop": 1734534825317}], "parameters": [{"name": "browser_name", "value": "'chromium'"}], "start": 1734534815524, "stop": 1734534825322, "uuid": "4b29c1df-354e-4119-80b6-27da6907095f", "historyId": "a62545f611fc152ad1ba73f10b9af693", "testCaseId": "5cef9366fef65594aed21e40cd40d2e4", "fullName": "Tests.homework.module_5.TestValidate#test_3", "labels": [{"name": "story", "value": "Waiting page load"}, {"name": "feature", "value": "Full Accounts"}, {"name": "parentSuite", "value": "Tests.homework"}, {"name": "suite", "value": "module_5"}, {"name": "subSuite", "value": "TestValidate"}, {"name": "host", "value": "Admin"}, {"name": "thread", "value": "9464-MainThread"}, {"name": "framework", "value": "pytest"}, {"name": "language", "value": "cpython3"}, {"name": "package", "value": "Tests.homework.module_5"}]}