{"name": "test_4[chromium]", "status": "failed", "statusDetails": {"message": "AssertionError: DevOps-инженер 'DevOps-инженер' не найден в списке.\nassert 'DevOps-инженер' in []", "trace": "self = <module_7.TestValidate object at 0x000001DC6A9FD6D0>\npage = <Page url='https://skillbox.ru/code/?type=profession&topics=administrirovanie'>\ngo_to_url = <function go_to_url.<locals>.callback at 0x000001DC6B0A7060>\n\n    def test_4(self, page, go_to_url):\n        # Шаг 1: Перейдите на сайт Skillbox\n        go_to_url('https://skillbox.ru/code/')\n    \n        # Шаг 2: Выбор радиокнопки \"Профессия\" в разделе \"Тип обучения на платформе\"\n        profession_radio = page.locator('(//*[contains\\\n            (@class, \"ui-radio-field__value ui-radio-field__value--small\")])[2]')\n        profession_radio.check()\n    \n        # Шаг 3: Установка диапазона от 6 до 12 месяцев (через движение мышки)\n        # Предположим, что существует ползунок для длительности с возможностью перемещения\n        duration_slider_1 = page.locator('(//button[@class=\"ui-range__dot\"])[1]')\n        # Перемещаем ползунок на 6 месяцев для минимального значения\n        #frame.drag_and_drop('//*[contains(@aria-valuetext, \"1\")]', '//*[contains(@aria-valuetext, \"6\")]')\n        duration_slider_1.evaluate(\"el => el.setAttribute('style', 'right: 30%;')\")  # Пример, зависит от реализации\n        duration_slider_2 = page.locator('(//button[@class=\"ui-range__dot\"])[2]')\n        # Перемещаем ползунок на 12 месяцев для максимального значения\n        duration_slider_2.evaluate(\"el => el.setAttribute('style', 'left: 30%;')\")\n    \n        # Шаг 4: Выбор любого чекбокса в тематике\n        page.click('//*[@id=\"#app\"]/main/div[1]/div[2]/div/div[1]/div[1]/div[6]/button')\n        page.click('(//*[contains(@class, \"filter-checkboxes-list__value\")])[28]')\n    \n        # Шаг 5: Проверка, что курсы соответствуют ожиданиям\n        # Обычно это делается с помощью конкретных курсов, которые вы ожидаете увидеть.\n        # Например, этим мы можем проверить текст заголовков курсов.\n        expected_courses = [\"DevOps-инженер\", \"DevOps-инженер\"]  # Пример ожидаемых курсов, замените на реальные\n        course_titles = page.locator(\".course-title\").all_inner_texts()\n    \n        for expected_course in expected_courses:\n>           assert expected_course in course_titles, f\"DevOps-инженер '{expected_course}' не найден в списке.\"\nE           AssertionError: DevOps-инженер 'DevOps-инженер' не найден в списке.\nE           assert 'DevOps-инженер' in []\n\nmodule_7.py:112: AssertionError"}, "steps": [{"name": "Открытие страницы 'https://skillbox.ru/code/'", "status": "passed", "parameters": [{"name": "url", "value": "'https://skillbox.ru/code/'"}], "start": 1734627178306, "stop": 1734627186858}], "parameters": [{"name": "browser_name", "value": "'chromium'"}], "start": 1734627178305, "stop": 1734627188517, "uuid": "fd0e4bed-558d-4b7e-8269-f0af1f83313f", "historyId": "9808811551ec276a6f0c854eb9118b9b", "testCaseId": "2625270973a6db0ba7dc8f0ee0858324", "fullName": "Tests.homework.module_7.TestValidate#test_4", "labels": [{"name": "parentSuite", "value": "Tests.homework"}, {"name": "suite", "value": "module_7"}, {"name": "subSuite", "value": "TestValidate"}, {"name": "host", "value": "Admin"}, {"name": "thread", "value": "7880-MainThread"}, {"name": "framework", "value": "pytest"}, {"name": "language", "value": "cpython3"}, {"name": "package", "value": "Tests.homework.module_7"}]}