{"name": "test_2[chromium]", "status": "failed", "statusDetails": {"message": "AssertionError: Locator expected to have accessible description\nActual value: <element(s) not found> \nCall log:\nLocatorAssertions.to_have_accessible_description with timeout 5000ms\n  - waiting for get_by_test_id(\"//input[@id=\\\"repository-input\\\"]\")", "trace": "self = <module_5.TestValidate object at 0x000001E768C9EA20>\npage = <Page url='https://github.com/microsoft/vscode/issues?q=is%3Aissue%20state%3Aopen%20author%3Abpasero'>\n\n    def test_2(self, page):\n    \n        expected_value = 'bpasero'\n        with allure.step('Переход на страницу https://github.com/microsoft/vscode/issues'):\n            page.goto('https://github.com/microsoft/vscode/issues')\n        with allure.step('Клик по найденному элементу'):\n            page.click('[aria-label=\"Filter by author\"]')\n            # wait for 1 second\n            #page.wait_for_timeout(3000)\n        with allure.step('Заполнение формы данными'):\n            page.fill('//*[contains(@class, \"UnstyledTextInput__ToggledUnstyledTextInput-sc-14ypya-0 jkNcAv\")]', \"bpasero\")\n            page.wait_for_timeout(3000)\n        with allure.step('Клик по кнопке ENTER'):\n            page.press('//*[contains(@class, \"UnstyledTextInput__ToggledUnstyledTextInput-sc-14ypya-0 jkNcAv\")]', \"Enter\")\n       #expect(page.locator('//input[@id=\"repository-input\"]')).to_contain_text('bpasero')\n       # assert expected_value.evaluate(\"node => node.innerText\") == \"bpasero\"\n        locator = page.get_by_test_id('//input[@id=\"repository-input\"]')\n>       expect(locator).to_have_accessible_description('bpasero')\nE       AssertionError: Locator expected to have accessible description\nE       Actual value: <element(s) not found> \nE       Call log:\nE       LocatorAssertions.to_have_accessible_description with timeout 5000ms\nE         - waiting for get_by_test_id(\"//input[@id=\\\"repository-input\\\"]\")\n\nmodule_5.py:48: AssertionError"}, "steps": [{"name": "Переход на страницу https://github.com/microsoft/vscode/issues", "status": "passed", "start": 1734449012426, "stop": 1734449017596}, {"name": "Клик по найденному элементу", "status": "passed", "start": 1734449017596, "stop": 1734449017931}, {"name": "Заполнение формы данными", "status": "passed", "start": 1734449017931, "stop": 1734449021044}, {"name": "Клик по кнопке ENTER", "status": "passed", "start": 1734449021044, "stop": 1734449021199}], "parameters": [{"name": "browser_name", "value": "'chromium'"}], "start": 1734449012425, "stop": 1734449026239, "uuid": "6ce0a4d3-5f11-4685-99ba-768125e0774d", "historyId": "56fa4191e09dc8dd780e1a752e14458d", "testCaseId": "0fe19e838fbfdfbb1dff438fb698471d", "fullName": "Tests.homework.module_5.TestValidate#test_2", "labels": [{"name": "feature", "value": "Full Accounts"}, {"name": "story", "value": "Waiting page load"}, {"name": "parentSuite", "value": "Tests.homework"}, {"name": "suite", "value": "module_5"}, {"name": "subSuite", "value": "TestValidate"}, {"name": "host", "value": "Admin"}, {"name": "thread", "value": "12364-MainThread"}, {"name": "framework", "value": "pytest"}, {"name": "language", "value": "cpython3"}, {"name": "package", "value": "Tests.homework.module_5"}]}