{"name": "test_2[chromium]", "status": "failed", "statusDetails": {"message": "AssertionError: Locator expected to contain text '['bpasero']'\nActual value: [] \nCall log:\nLocatorAssertions.to_contain_text with timeout 5000ms\n  - waiting for locator(\"//*[contains(@class, \\\"UnstyledTextInput__ToggledUnstyledTextInput-sc-14ypya-0 jkNcAv\\\")]\")\n  -   locator resolved to 0 elements\n  -   locator resolved to 0 elements\n  -   locator resolved to 0 elements\n  -   locator resolved to 0 elements\n  -   locator resolved to 0 elements\n  -   locator resolved to 0 elements\n  -   locator resolved to 0 elements\n  -   locator resolved to 0 elements\n  -   locator resolved to 0 elements", "trace": "self = <module_5.TestValidate object at 0x000001441A267110>\npage = <Page url='https://github.com/microsoft/vscode/issues?q=is%3Aissue%20state%3Aopen%20author%3Abpasero'>\n\n    def test_2(self, page):\n    \n        expected_value = 'bpasero'\n        with allure.step('Переход на страницу https://github.com/microsoft/vscode/issues'):\n            page.goto('https://github.com/microsoft/vscode/issues')\n        with allure.step('Клик по найденному элементу'):\n            page.click('[aria-label=\"Filter by author\"]')\n            # wait for 1 second\n            #page.wait_for_timeout(3000)\n        with allure.step('Заполнение формы данными'):\n            page.fill('//*[contains(@class, \"UnstyledTextInput__ToggledUnstyledTextInput-sc-14ypya-0 jkNcAv\")]', \"bpasero\")\n            page.wait_for_timeout(3000)\n        with allure.step('Клик по кнопке ENTER'):\n            page.press('//*[contains(@class, \"UnstyledTextInput__ToggledUnstyledTextInput-sc-14ypya-0 jkNcAv\")]', \"Enter\")\n>       expect(page.locator('//*[contains(@class, \"UnstyledTextInput__ToggledUnstyledTextInput-sc-14ypya-0 jkNcAv\")]')).to_contain_text([\"bpasero\"])\nE       AssertionError: Locator expected to contain text '['bpasero']'\nE       Actual value: [] \nE       Call log:\nE       LocatorAssertions.to_contain_text with timeout 5000ms\nE         - waiting for locator(\"//*[contains(@class, \\\"UnstyledTextInput__ToggledUnstyledTextInput-sc-14ypya-0 jkNcAv\\\")]\")\nE         -   locator resolved to 0 elements\nE         -   locator resolved to 0 elements\nE         -   locator resolved to 0 elements\nE         -   locator resolved to 0 elements\nE         -   locator resolved to 0 elements\nE         -   locator resolved to 0 elements\nE         -   locator resolved to 0 elements\nE         -   locator resolved to 0 elements\nE         -   locator resolved to 0 elements\n\nmodule_5.py:41: AssertionError"}, "steps": [{"name": "Переход на страницу https://github.com/microsoft/vscode/issues", "status": "passed", "start": 1733932431941, "stop": 1733932441888}, {"name": "Клик по найденному элементу", "status": "passed", "start": 1733932441888, "stop": 1733932442188}, {"name": "Заполнение формы данными", "status": "passed", "start": 1733932442188, "stop": 1733932445251}, {"name": "Клик по кнопке ENTER", "status": "passed", "start": 1733932445251, "stop": 1733932445428}], "parameters": [{"name": "browser_name", "value": "'chromium'"}], "start": 1733932431940, "stop": 1733932450457, "uuid": "07f299aa-3027-4eab-afd6-3e98e778e1a2", "historyId": "56fa4191e09dc8dd780e1a752e14458d", "testCaseId": "0fe19e838fbfdfbb1dff438fb698471d", "fullName": "Tests.homework.module_5.TestValidate#test_2", "labels": [{"name": "story", "value": "Waiting page load"}, {"name": "feature", "value": "Full Accounts"}, {"name": "parentSuite", "value": "Tests.homework"}, {"name": "suite", "value": "module_5"}, {"name": "subSuite", "value": "TestValidate"}, {"name": "host", "value": "Admin"}, {"name": "thread", "value": "9656-MainThread"}, {"name": "framework", "value": "pytest"}, {"name": "language", "value": "cpython3"}, {"name": "package", "value": "Tests.homework.module_5"}]}