{"name": "test_2[chromium]", "status": "failed", "statusDetails": {"message": "AssertionError: Locator expected to be visible\nActual value: <element(s) not found> \nCall log:\nLocatorAssertions.to_be_visible with timeout 5000ms\n  - waiting for get_by_test_id(\"bpasero\").first", "trace": "self = <module_5.TestValidate object at 0x0000019CF98BEEA0>\npage = <Page url='https://github.com/microsoft/vscode/issues?q=is%3Aissue%20state%3Aopen%20author%3Abpasero'>\n\n    def test_2(self, page):\n    \n        expected_value = 'bpasero'\n        with allure.step('Переход на страницу https://github.com/microsoft/vscode/issues'):\n            page.goto('https://github.com/microsoft/vscode/issues')\n        with allure.step('Клик по найденному элементу'):\n            page.click('[aria-label=\"Filter by author\"]')\n            # wait for 1 second\n            #page.wait_for_timeout(3000)\n        with allure.step('Заполнение формы данными'):\n            page.fill('//*[contains(@class, \"UnstyledTextInput__ToggledUnstyledTextInput-sc-14ypya-0 jkNcAv\")]', \"bpasero\")\n            page.wait_for_timeout(3000)\n        with allure.step('Клик по кнопке ENTER'):\n            page.press('//*[contains(@class, \"UnstyledTextInput__ToggledUnstyledTextInput-sc-14ypya-0 jkNcAv\")]', \"Enter\")\n       #expect(page.locator('//input[@id=\"repository-input\"]')).to_contain_text('bpasero')\n       # assert expected_value.evaluate(\"node => node.innerText\") == \"bpasero\"\n        #locator = page.get_by_test_id('//input[@id=\"repository-input\"]')\n        #expect(locator).to_have_accessible_description('bpasero')\n>       expect(page.get_by_test_id(\"bpasero\").first).to_be_visible()\nE       AssertionError: Locator expected to be visible\nE       Actual value: <element(s) not found> \nE       Call log:\nE       LocatorAssertions.to_be_visible with timeout 5000ms\nE         - waiting for get_by_test_id(\"bpasero\").first\n\nmodule_5.py:49: AssertionError"}, "steps": [{"name": "Переход на страницу https://github.com/microsoft/vscode/issues", "status": "passed", "start": 1734449624197, "stop": 1734449630643}, {"name": "Клик по найденному элементу", "status": "passed", "start": 1734449630643, "stop": 1734449630907}, {"name": "Заполнение формы данными", "status": "passed", "start": 1734449630907, "stop": 1734449634003}, {"name": "Клик по кнопке ENTER", "status": "passed", "start": 1734449634003, "stop": 1734449634143}], "parameters": [{"name": "browser_name", "value": "'chromium'"}], "start": 1734449624195, "stop": 1734449639172, "uuid": "44588a1b-3d7b-4fb4-a2b3-ad038bec8f57", "historyId": "56fa4191e09dc8dd780e1a752e14458d", "testCaseId": "0fe19e838fbfdfbb1dff438fb698471d", "fullName": "Tests.homework.module_5.TestValidate#test_2", "labels": [{"name": "story", "value": "Waiting page load"}, {"name": "feature", "value": "Full Accounts"}, {"name": "parentSuite", "value": "Tests.homework"}, {"name": "suite", "value": "module_5"}, {"name": "subSuite", "value": "TestValidate"}, {"name": "host", "value": "Admin"}, {"name": "thread", "value": "12280-MainThread"}, {"name": "framework", "value": "pytest"}, {"name": "language", "value": "cpython3"}, {"name": "package", "value": "Tests.homework.module_5"}]}