{"name": "test_2[chromium]", "status": "failed", "statusDetails": {"message": "AssertionError: Locator expected to contain text 'bpasero'\nActual value: <element(s) not found> \nCall log:\nLocatorAssertions.to_contain_text with timeout 5000ms\n  - waiting for locator(\"//*[contains(@class, \\\"UnstyledTextInput__ToggledUnstyledTextInput-sc-14ypya-0 jkNcAv\\\")]\")", "trace": "self = <module_5.TestValidate object at 0x000001E5B85F95E0>\npage = <Page url='https://github.com/microsoft/vscode/issues?q=is%3Aissue%20state%3Aopen%20author%3Abpasero'>\n\n    def test_2(self, page):\n    \n        expected_value = 'bpasero'\n        with allure.step('Переход на страницу https://github.com/microsoft/vscode/issues'):\n            page.goto('https://github.com/microsoft/vscode/issues')\n        with allure.step('Клик по найденному элементу'):\n            page.click('[aria-label=\"Filter by author\"]')\n            # wait for 1 second\n            #page.wait_for_timeout(3000)\n        with allure.step('Заполнение формы данными'):\n            page.fill('//*[contains(@class, \"UnstyledTextInput__ToggledUnstyledTextInput-sc-14ypya-0 jkNcAv\")]', \"bpasero\")\n            page.wait_for_timeout(3000)\n        with allure.step('Клик по кнопке ENTER'):\n            page.press('//*[contains(@class, \"UnstyledTextInput__ToggledUnstyledTextInput-sc-14ypya-0 jkNcAv\")]', \"Enter\")\n>       expect(page.locator('//*[contains(@class, \"UnstyledTextInput__ToggledUnstyledTextInput-sc-14ypya-0 jkNcAv\")]')).to_contain_text(\"bpasero\")\nE       AssertionError: Locator expected to contain text 'bpasero'\nE       Actual value: <element(s) not found> \nE       Call log:\nE       LocatorAssertions.to_contain_text with timeout 5000ms\nE         - waiting for locator(\"//*[contains(@class, \\\"UnstyledTextInput__ToggledUnstyledTextInput-sc-14ypya-0 jkNcAv\\\")]\")\n\nmodule_5.py:41: AssertionError"}, "steps": [{"name": "Переход на страницу https://github.com/microsoft/vscode/issues", "status": "passed", "start": 1733932698502, "stop": 1733932708136}, {"name": "Клик по найденному элементу", "status": "passed", "start": 1733932708136, "stop": 1733932708374}, {"name": "Заполнение формы данными", "status": "passed", "start": 1733932708374, "stop": 1733932711482}, {"name": "Клик по кнопке ENTER", "status": "passed", "start": 1733932711482, "stop": 1733932711694}], "parameters": [{"name": "browser_name", "value": "'chromium'"}], "start": 1733932698502, "stop": 1733932716724, "uuid": "92ea5344-814f-40ad-9824-f824dc0168a7", "historyId": "56fa4191e09dc8dd780e1a752e14458d", "testCaseId": "0fe19e838fbfdfbb1dff438fb698471d", "fullName": "Tests.homework.module_5.TestValidate#test_2", "labels": [{"name": "story", "value": "Waiting page load"}, {"name": "feature", "value": "Full Accounts"}, {"name": "parentSuite", "value": "Tests.homework"}, {"name": "suite", "value": "module_5"}, {"name": "subSuite", "value": "TestValidate"}, {"name": "host", "value": "Admin"}, {"name": "thread", "value": "17180-MainThread"}, {"name": "framework", "value": "pytest"}, {"name": "language", "value": "cpython3"}, {"name": "package", "value": "Tests.homework.module_5"}]}